<?xml version="1.0" encoding="UTF-8"?>
<coverage generated="1675802101684" clover="3.2.0">
  <project timestamp="1675802101684" name="All files">
    <metrics statements="34" coveredstatements="29" conditionals="5" coveredconditionals="2" methods="12" coveredmethods="7" elements="51" coveredelements="38" complexity="0" loc="34" ncloc="34" packages="5" files="6" classes="6"/>
    <package name="di">
      <metrics statements="1" coveredstatements="1" conditionals="0" coveredconditionals="0" methods="0" coveredmethods="0"/>
      <file name="types.ts" path="/home/gustavo/Projetos/resetei-auth/src/di/types.ts">
        <metrics statements="1" coveredstatements="1" conditionals="0" coveredconditionals="0" methods="0" coveredmethods="0"/>
        <line num="1" count="1" type="stmt"/>
      </file>
    </package>
    <package name="domain.customer.presentation.controllers">
      <metrics statements="11" coveredstatements="11" conditionals="0" coveredconditionals="0" methods="2" coveredmethods="2"/>
      <file name="CreateCustomerController.ts" path="/home/gustavo/Projetos/resetei-auth/src/domain/customer/presentation/controllers/CreateCustomerController.ts">
        <metrics statements="11" coveredstatements="11" conditionals="0" coveredconditionals="0" methods="2" coveredmethods="2"/>
        <line num="1" count="1" type="stmt"/>
        <line num="3" count="1" type="stmt"/>
        <line num="9" count="1" type="stmt"/>
        <line num="12" count="1" type="stmt"/>
        <line num="14" count="1" type="stmt"/>
        <line num="16" count="1" type="stmt"/>
        <line num="19" count="2" type="stmt"/>
        <line num="20" count="2" type="stmt"/>
        <line num="21" count="2" type="stmt"/>
        <line num="22" count="1" type="stmt"/>
        <line num="24" count="1" type="stmt"/>
      </file>
    </package>
    <package name="domain.customer.service.mocks">
      <metrics statements="6" coveredstatements="3" conditionals="0" coveredconditionals="0" methods="4" coveredmethods="1"/>
      <file name="CustomerService.mock.ts" path="/home/gustavo/Projetos/resetei-auth/src/domain/customer/service/mocks/CustomerService.mock.ts">
        <metrics statements="6" coveredstatements="3" conditionals="0" coveredconditionals="0" methods="4" coveredmethods="1"/>
        <line num="6" count="1" type="stmt"/>
        <line num="12" count="1" type="stmt"/>
        <line num="14" count="1" type="stmt"/>
        <line num="17" count="0" type="stmt"/>
        <line num="20" count="0" type="stmt"/>
        <line num="23" count="0" type="stmt"/>
      </file>
    </package>
    <package name="utils.controllerHelpers">
      <metrics statements="7" coveredstatements="6" conditionals="1" coveredconditionals="0" methods="3" coveredmethods="2"/>
      <file name="BaseController.ts" path="/home/gustavo/Projetos/resetei-auth/src/utils/controllerHelpers/BaseController.ts">
        <metrics statements="7" coveredstatements="6" conditionals="1" coveredconditionals="0" methods="3" coveredmethods="2"/>
        <line num="6" count="1" type="stmt"/>
        <line num="7" count="1" type="stmt"/>
        <line num="27" count="1" type="stmt"/>
        <line num="34" count="2" type="stmt"/>
        <line num="40" count="0" type="stmt"/>
        <line num="47" count="2" type="cond" truecount="0" falsecount="1"/>
        <line num="48" count="2" type="stmt"/>
      </file>
    </package>
    <package name="utils.exceptions">
      <metrics statements="9" coveredstatements="8" conditionals="4" coveredconditionals="2" methods="3" coveredmethods="2"/>
      <file name="BaseError.ts" path="/home/gustavo/Projetos/resetei-auth/src/utils/exceptions/BaseError.ts">
        <metrics statements="6" coveredstatements="5" conditionals="4" coveredconditionals="2" methods="2" coveredmethods="1"/>
        <line num="17" count="1" type="stmt"/>
        <line num="18" count="2" type="stmt"/>
        <line num="23" count="2" type="stmt"/>
        <line num="24" count="2" type="cond" truecount="1" falsecount="1"/>
        <line num="25" count="2" type="cond" truecount="1" falsecount="1"/>
        <line num="29" count="0" type="stmt"/>
      </file>
      <file name="InternalServerError.ts" path="/home/gustavo/Projetos/resetei-auth/src/utils/exceptions/InternalServerError.ts">
        <metrics statements="3" coveredstatements="3" conditionals="0" coveredconditionals="0" methods="1" coveredmethods="1"/>
        <line num="1" count="1" type="stmt"/>
        <line num="3" count="1" type="stmt"/>
        <line num="5" count="2" type="stmt"/>
      </file>
    </package>
  </project>
</coverage>
