{"/home/gustavo/Projetos/resetei-auth/src/di/types.ts": {"path":"/home/gustavo/Projetos/resetei-auth/src/di/types.ts","statementMap":{"0":{"start":{"line":1,"column":11},"end":{"line":30,"column":null}}},"fnMap":{},"branchMap":{},"s":{"0":1},"f":{},"b":{}}
,"/home/gustavo/Projetos/resetei-auth/src/domain/customer/presentation/controllers/CreateCustomerController.ts": {"path":"/home/gustavo/Projetos/resetei-auth/src/domain/customer/presentation/controllers/CreateCustomerController.ts","statementMap":{"0":{"start":{"line":1,"column":0},"end":{"line":1,"column":33}},"1":{"start":{"line":3,"column":0},"end":{"line":3,"column":72}},"2":{"start":{"line":9,"column":0},"end":{"line":9,"column":46}},"3":{"start":{"line":12,"column":7},"end":{"line":27,"column":null}},"4":{"start":{"line":16,"column":4},"end":{"line":16,"column":null}},"5":{"start":{"line":14,"column":43},"end":{"line":14,"column":76}},"6":{"start":{"line":19,"column":19},"end":{"line":19,"column":35}},"7":{"start":{"line":20,"column":4},"end":{"line":25,"column":null}},"8":{"start":{"line":21,"column":23},"end":{"line":21,"column":64}},"9":{"start":{"line":22,"column":6},"end":{"line":22,"column":null}},"10":{"start":{"line":24,"column":6},"end":{"line":24,"column":null}},"11":{"start":{"line":12,"column":13},"end":{"line":27,"column":null}},"12":{"start":{"line":12,"column":13},"end":{"line":12,"column":37}}},"fnMap":{"0":{"name":"(anonymous_4)","decl":{"start":{"line":13,"column":2},"end":{"line":13,"column":null}},"loc":{"start":{"line":14,"column":76},"end":{"line":17,"column":3}}},"1":{"name":"(anonymous_5)","decl":{"start":{"line":18,"column":2},"end":{"line":18,"column":7}},"loc":{"start":{"line":18,"column":39},"end":{"line":26,"column":3}}}},"branchMap":{},"s":{"0":1,"1":1,"2":1,"3":1,"4":1,"5":1,"6":2,"7":2,"8":2,"9":1,"10":1,"11":1,"12":1},"f":{"0":1,"1":2},"b":{}}
,"/home/gustavo/Projetos/resetei-auth/src/domain/customer/service/mocks/CustomerService.mock.ts": {"path":"/home/gustavo/Projetos/resetei-auth/src/domain/customer/service/mocks/CustomerService.mock.ts","statementMap":{"0":{"start":{"line":6,"column":13},"end":{"line":10,"column":null}},"1":{"start":{"line":14,"column":4},"end":{"line":14,"column":null}},"2":{"start":{"line":17,"column":4},"end":{"line":17,"column":null}},"3":{"start":{"line":20,"column":4},"end":{"line":20,"column":null}},"4":{"start":{"line":23,"column":4},"end":{"line":23,"column":null}},"5":{"start":{"line":12,"column":0},"end":{"line":12,"column":13}}},"fnMap":{"0":{"name":"(anonymous_0)","decl":{"start":{"line":13,"column":2},"end":{"line":13,"column":7}},"loc":{"start":{"line":13,"column":14},"end":{"line":15,"column":3}}},"1":{"name":"(anonymous_1)","decl":{"start":{"line":16,"column":2},"end":{"line":16,"column":7}},"loc":{"start":{"line":16,"column":15},"end":{"line":18,"column":3}}},"2":{"name":"(anonymous_2)","decl":{"start":{"line":19,"column":2},"end":{"line":19,"column":7}},"loc":{"start":{"line":19,"column":18},"end":{"line":21,"column":3}}},"3":{"name":"(anonymous_3)","decl":{"start":{"line":22,"column":2},"end":{"line":22,"column":7}},"loc":{"start":{"line":22,"column":22},"end":{"line":24,"column":3}}}},"branchMap":{},"s":{"0":1,"1":1,"2":0,"3":0,"4":0,"5":1},"f":{"0":1,"1":0,"2":0,"3":0},"b":{}}
,"/home/gustavo/Projetos/resetei-auth/src/utils/controllerHelpers/BaseController.ts": {"path":"/home/gustavo/Projetos/resetei-auth/src/utils/controllerHelpers/BaseController.ts","statementMap":{"0":{"start":{"line":6,"column":0},"end":{"line":6,"column":75}},"1":{"start":{"line":7,"column":0},"end":{"line":7,"column":52}},"2":{"start":{"line":27,"column":7},"end":{"line":58,"column":null}},"3":{"start":{"line":34,"column":4},"end":{"line":36,"column":null}},"4":{"start":{"line":40,"column":4},"end":{"line":43,"column":null}},"5":{"start":{"line":47,"column":4},"end":{"line":47,"column":null}},"6":{"start":{"line":47,"column":28},"end":{"line":47,"column":null}},"7":{"start":{"line":48,"column":4},"end":{"line":56,"column":null}},"8":{"start":{"line":27,"column":22},"end":{"line":58,"column":null}},"9":{"start":{"line":27,"column":22},"end":{"line":27,"column":36}}},"fnMap":{"0":{"name":"(anonymous_1)","decl":{"start":{"line":33,"column":2},"end":{"line":33,"column":4}},"loc":{"start":{"line":33,"column":21},"end":{"line":37,"column":3}}},"1":{"name":"(anonymous_2)","decl":{"start":{"line":39,"column":2},"end":{"line":39,"column":16}},"loc":{"start":{"line":39,"column":41},"end":{"line":44,"column":3}}},"2":{"name":"(anonymous_3)","decl":{"start":{"line":46,"column":2},"end":{"line":46,"column":7}},"loc":{"start":{"line":46,"column":24},"end":{"line":57,"column":3}}}},"branchMap":{"0":{"loc":{"start":{"line":47,"column":4},"end":{"line":47,"column":null}},"type":"if","locations":[{"start":{"line":47,"column":4},"end":{"line":47,"column":null}}]}},"s":{"0":1,"1":1,"2":1,"3":2,"4":0,"5":2,"6":0,"7":2,"8":1,"9":1},"f":{"0":2,"1":0,"2":2},"b":{"0":[0]}}
,"/home/gustavo/Projetos/resetei-auth/src/utils/exceptions/BaseError.ts": {"path":"/home/gustavo/Projetos/resetei-auth/src/utils/exceptions/BaseError.ts","statementMap":{"0":{"start":{"line":23,"column":4},"end":{"line":23,"column":null}},"1":{"start":{"line":18,"column":18},"end":{"line":18,"column":null}},"2":{"start":{"line":24,"column":4},"end":{"line":24,"column":null}},"3":{"start":{"line":25,"column":4},"end":{"line":25,"column":null}},"4":{"start":{"line":29,"column":4},"end":{"line":37,"column":null}},"5":{"start":{"line":17,"column":0},"end":{"line":17,"column":13}}},"fnMap":{"0":{"name":"(anonymous_0)","decl":{"start":{"line":22,"column":2},"end":{"line":22,"column":14}},"loc":{"start":{"line":22,"column":61},"end":{"line":26,"column":3}}},"1":{"name":"(anonymous_1)","decl":{"start":{"line":28,"column":9},"end":{"line":28,"column":24}},"loc":{"start":{"line":28,"column":24},"end":{"line":38,"column":3}}}},"branchMap":{"0":{"loc":{"start":{"line":24,"column":16},"end":{"line":24,"column":35}},"type":"binary-expr","locations":[{"start":{"line":24,"column":16},"end":{"line":24,"column":20}},{"start":{"line":24,"column":24},"end":{"line":24,"column":35}}]},"1":{"loc":{"start":{"line":25,"column":22},"end":{"line":25,"column":39}},"type":"binary-expr","locations":[{"start":{"line":25,"column":22},"end":{"line":25,"column":32}},{"start":{"line":25,"column":36},"end":{"line":25,"column":39}}]}},"s":{"0":2,"1":2,"2":2,"3":2,"4":0,"5":1},"f":{"0":2,"1":0},"b":{"0":[2,0],"1":[2,0]}}
,"/home/gustavo/Projetos/resetei-auth/src/utils/exceptions/InternalServerError.ts": {"path":"/home/gustavo/Projetos/resetei-auth/src/utils/exceptions/InternalServerError.ts","statementMap":{"0":{"start":{"line":1,"column":0},"end":{"line":1,"column":55}},"1":{"start":{"line":5,"column":4},"end":{"line":5,"column":null}},"2":{"start":{"line":3,"column":0},"end":{"line":3,"column":13}}},"fnMap":{"0":{"name":"(anonymous_0)","decl":{"start":{"line":4,"column":2},"end":{"line":4,"column":14}},"loc":{"start":{"line":4,"column":29},"end":{"line":6,"column":3}}}},"branchMap":{},"s":{"0":1,"1":2,"2":1},"f":{"0":2},"b":{}}
}
