TN:
SF:src/di/types.ts
FNF:0
FNH:0
DA:1,1
LF:1
LH:1
BRF:0
BRH:0
end_of_record
TN:
SF:src/domain/customer/presentation/controllers/CreateCustomerController.ts
FN:13,(anonymous_4)
FN:18,(anonymous_5)
FNF:2
FNH:2
FNDA:1,(anonymous_4)
FNDA:2,(anonymous_5)
DA:1,1
DA:3,1
DA:9,1
DA:12,1
DA:14,1
DA:16,1
DA:19,2
DA:20,2
DA:21,2
DA:22,1
DA:24,1
LF:11
LH:11
BRF:0
BRH:0
end_of_record
TN:
SF:src/domain/customer/service/mocks/CustomerService.mock.ts
FN:13,(anonymous_0)
FN:16,(anonymous_1)
FN:19,(anonymous_2)
FN:22,(anonymous_3)
FNF:4
FNH:1
FNDA:1,(anonymous_0)
FNDA:0,(anonymous_1)
FNDA:0,(anonymous_2)
FNDA:0,(anonymous_3)
DA:6,1
DA:12,1
DA:14,1
DA:17,0
DA:20,0
DA:23,0
LF:6
LH:3
BRF:0
BRH:0
end_of_record
TN:
SF:src/utils/controllerHelpers/BaseController.ts
FN:33,(anonymous_1)
FN:39,(anonymous_2)
FN:46,(anonymous_3)
FNF:3
FNH:2
FNDA:2,(anonymous_1)
FNDA:0,(anonymous_2)
FNDA:2,(anonymous_3)
DA:6,1
DA:7,1
DA:27,1
DA:34,2
DA:40,0
DA:47,2
DA:48,2
LF:7
LH:6
BRDA:47,0,0,0
BRF:1
BRH:0
end_of_record
TN:
SF:src/utils/exceptions/BaseError.ts
FN:22,(anonymous_0)
FN:28,(anonymous_1)
FNF:2
FNH:1
FNDA:2,(anonymous_0)
FNDA:0,(anonymous_1)
DA:17,1
DA:18,2
DA:23,2
DA:24,2
DA:25,2
DA:29,0
LF:6
LH:5
BRDA:24,0,0,2
BRDA:24,0,1,0
BRDA:25,1,0,2
BRDA:25,1,1,0
BRF:4
BRH:2
end_of_record
TN:
SF:src/utils/exceptions/InternalServerError.ts
FN:4,(anonymous_0)
FNF:1
FNH:1
FNDA:2,(anonymous_0)
DA:1,1
DA:3,1
DA:5,2
LF:3
LH:3
BRF:0
BRH:0
end_of_record
